2025-07-14 16:35:42,360 - app - INFO - Starting up RBAC Memory Management System...
2025-07-14 16:35:42,363 - storage.database_client - INFO - Initializing database connection pool...
2025-07-14 16:35:42,420 - watchfiles.main - INFO - 4 changes detected
2025-07-14 16:35:42,530 - storage.database_client - INFO - Database connection pool initialized successfully
2025-07-14 16:35:42,530 - app - INFO - Database connection established
2025-07-14 16:35:48,042 - storage.database_client - INFO - Connection released back to pool
2025-07-14 16:37:56,977 - watchfiles.main - INFO - 1 change detected
2025-07-14 16:37:57,345 - watchfiles.main - INFO - 1 change detected
2025-07-14 16:37:57,708 - watchfiles.main - INFO - 1 change detected
2025-07-14 16:37:58,177 - watchfiles.main - INFO - 1 change detected
2025-07-14 16:37:58,544 - watchfiles.main - INFO - 1 change detected
2025-07-14 16:37:58,960 - watchfiles.main - INFO - 1 change detected
2025-07-14 16:37:59,379 - watchfiles.main - INFO - 1 change detected
2025-07-14 16:37:59,744 - watchfiles.main - INFO - 1 change detected
2025-07-14 16:38:00,112 - watchfiles.main - INFO - 1 change detected
2025-07-14 16:38:00,475 - watchfiles.main - INFO - 1 change detected
2025-07-14 16:38:00,841 - watchfiles.main - INFO - 1 change detected
2025-07-14 16:38:01,206 - watchfiles.main - INFO - 1 change detected
2025-07-14 16:38:01,610 - watchfiles.main - INFO - 1 change detected
2025-07-14 16:38:02,063 - watchfiles.main - INFO - 1 change detected
2025-07-14 16:38:02,477 - watchfiles.main - INFO - 1 change detected
2025-07-14 16:38:02,895 - watchfiles.main - INFO - 1 change detected
2025-07-14 16:38:03,259 - watchfiles.main - INFO - 1 change detected
2025-07-14 16:38:03,676 - watchfiles.main - INFO - 1 change detected
2025-07-14 16:38:04,095 - watchfiles.main - INFO - 1 change detected
2025-07-14 16:38:04,511 - watchfiles.main - INFO - 1 change detected
2025-07-14 16:38:04,927 - watchfiles.main - INFO - 1 change detected
2025-07-14 16:38:05,294 - watchfiles.main - INFO - 1 change detected
2025-07-14 16:38:05,709 - watchfiles.main - INFO - 1 change detected
2025-07-14 16:38:06,111 - watchfiles.main - INFO - 1 change detected
2025-07-14 16:38:06,529 - watchfiles.main - INFO - 1 change detected
2025-07-14 16:38:06,893 - watchfiles.main - INFO - 1 change detected
2025-07-14 16:38:07,311 - watchfiles.main - INFO - 1 change detected
2025-07-14 16:38:07,725 - watchfiles.main - INFO - 1 change detected
2025-07-14 16:38:08,128 - watchfiles.main - INFO - 1 change detected
2025-07-14 16:38:08,545 - watchfiles.main - INFO - 1 change detected
2025-07-14 16:38:08,961 - watchfiles.main - INFO - 1 change detected
2025-07-14 16:38:09,376 - watchfiles.main - INFO - 1 change detected
2025-07-14 16:38:09,778 - watchfiles.main - INFO - 1 change detected
2025-07-14 16:38:10,194 - watchfiles.main - INFO - 1 change detected
2025-07-14 16:38:10,609 - watchfiles.main - INFO - 1 change detected
2025-07-14 16:38:11,026 - watchfiles.main - INFO - 1 change detected
2025-07-14 16:38:11,380 - watchfiles.main - INFO - 1 change detected
2025-07-14 16:38:11,793 - watchfiles.main - INFO - 1 change detected
2025-07-14 16:38:12,209 - watchfiles.main - INFO - 1 change detected
2025-07-14 16:38:12,612 - watchfiles.main - INFO - 1 change detected
2025-07-14 16:38:13,029 - watchfiles.main - INFO - 1 change detected
2025-07-14 16:38:13,391 - watchfiles.main - INFO - 1 change detected
2025-07-14 16:38:13,794 - watchfiles.main - INFO - 1 change detected
2025-07-14 16:38:14,210 - watchfiles.main - INFO - 1 change detected
2025-07-14 16:38:14,625 - watchfiles.main - INFO - 1 change detected
2025-07-14 16:38:14,994 - watchfiles.main - INFO - 1 change detected
2025-07-14 16:38:15,396 - watchfiles.main - INFO - 1 change detected
2025-07-14 16:38:15,762 - watchfiles.main - INFO - 1 change detected
2025-07-14 16:38:16,175 - watchfiles.main - INFO - 1 change detected
2025-07-14 16:38:16,580 - watchfiles.main - INFO - 1 change detected
2025-07-14 16:38:16,994 - watchfiles.main - INFO - 1 change detected
2025-07-14 16:38:17,410 - watchfiles.main - INFO - 1 change detected
2025-07-14 16:38:17,775 - watchfiles.main - INFO - 1 change detected
2025-07-14 16:38:18,177 - watchfiles.main - INFO - 1 change detected
2025-07-14 16:38:18,646 - watchfiles.main - INFO - 1 change detected
2025-07-14 16:38:19,054 - watchfiles.main - INFO - 1 change detected
2025-07-14 16:38:19,460 - watchfiles.main - INFO - 1 change detected
2025-07-14 16:38:19,874 - watchfiles.main - INFO - 1 change detected
2025-07-14 16:38:20,293 - watchfiles.main - INFO - 1 change detected
2025-07-14 16:38:20,708 - watchfiles.main - INFO - 1 change detected
2025-07-14 16:38:21,075 - watchfiles.main - INFO - 1 change detected
2025-07-14 16:38:21,478 - watchfiles.main - INFO - 1 change detected
2025-07-14 16:38:21,894 - watchfiles.main - INFO - 1 change detected
2025-07-14 16:38:22,310 - watchfiles.main - INFO - 1 change detected
2025-07-14 16:38:22,726 - watchfiles.main - INFO - 1 change detected
2025-07-14 16:38:23,129 - watchfiles.main - INFO - 1 change detected
2025-07-14 16:38:23,543 - watchfiles.main - INFO - 1 change detected
2025-07-14 16:38:23,897 - watchfiles.main - INFO - 1 change detected
2025-07-14 16:38:24,356 - watchfiles.main - INFO - 1 change detected
2025-07-14 16:38:24,762 - watchfiles.main - INFO - 1 change detected
2025-07-14 16:38:25,126 - watchfiles.main - INFO - 1 change detected
2025-07-14 16:38:25,542 - watchfiles.main - INFO - 1 change detected
2025-07-14 16:38:25,945 - watchfiles.main - INFO - 1 change detected
2025-07-14 16:38:26,362 - watchfiles.main - INFO - 1 change detected
2025-07-14 16:38:26,777 - watchfiles.main - INFO - 1 change detected
2025-07-14 16:38:27,179 - watchfiles.main - INFO - 1 change detected
2025-07-14 16:38:27,544 - watchfiles.main - INFO - 1 change detected
2025-07-14 16:38:27,959 - watchfiles.main - INFO - 1 change detected
2025-07-14 16:38:28,363 - watchfiles.main - INFO - 1 change detected
2025-07-14 16:38:28,778 - watchfiles.main - INFO - 1 change detected
2025-07-14 16:38:29,194 - watchfiles.main - INFO - 1 change detected
2025-07-14 16:38:29,610 - watchfiles.main - INFO - 1 change detected
2025-07-14 16:38:30,024 - watchfiles.main - INFO - 1 change detected
2025-07-14 16:38:30,377 - watchfiles.main - INFO - 1 change detected
2025-07-14 16:38:30,791 - watchfiles.main - INFO - 1 change detected
2025-07-14 16:38:31,194 - watchfiles.main - INFO - 1 change detected
2025-07-14 16:38:31,612 - watchfiles.main - INFO - 1 change detected
2025-07-14 16:38:32,027 - watchfiles.main - INFO - 1 change detected
2025-07-14 16:38:32,442 - watchfiles.main - INFO - 1 change detected
2025-07-14 16:38:32,859 - watchfiles.main - INFO - 1 change detected
2025-07-14 16:38:33,277 - watchfiles.main - INFO - 1 change detected
2025-07-14 16:38:33,693 - watchfiles.main - INFO - 1 change detected
2025-07-14 16:38:34,098 - watchfiles.main - INFO - 1 change detected
2025-07-14 16:38:34,501 - watchfiles.main - INFO - 1 change detected
2025-07-14 16:38:34,912 - watchfiles.main - INFO - 1 change detected
2025-07-14 16:38:35,328 - watchfiles.main - INFO - 1 change detected
2025-07-14 16:38:35,682 - watchfiles.main - INFO - 1 change detected
2025-07-14 16:38:36,095 - watchfiles.main - INFO - 1 change detected
2025-07-14 16:38:36,513 - watchfiles.main - INFO - 1 change detected
2025-07-14 16:38:36,926 - watchfiles.main - INFO - 1 change detected
2025-07-14 16:38:37,330 - watchfiles.main - INFO - 1 change detected
2025-07-14 16:38:37,744 - watchfiles.main - INFO - 1 change detected
2025-07-14 16:38:38,161 - watchfiles.main - INFO - 1 change detected
2025-07-14 16:38:38,579 - watchfiles.main - INFO - 1 change detected
2025-07-14 16:38:38,981 - watchfiles.main - INFO - 1 change detected
2025-07-14 16:38:39,392 - watchfiles.main - INFO - 1 change detected
2025-07-14 16:38:39,796 - watchfiles.main - INFO - 1 change detected
2025-07-14 16:38:40,161 - watchfiles.main - INFO - 1 change detected
2025-07-14 16:38:40,575 - watchfiles.main - INFO - 1 change detected
2025-07-14 16:38:40,992 - watchfiles.main - INFO - 1 change detected
2025-07-14 16:38:41,408 - watchfiles.main - INFO - 1 change detected
2025-07-14 16:38:41,776 - watchfiles.main - INFO - 1 change detected
2025-07-14 16:38:42,179 - watchfiles.main - INFO - 1 change detected
2025-07-14 16:38:42,544 - watchfiles.main - INFO - 1 change detected
2025-07-14 16:38:42,959 - watchfiles.main - INFO - 1 change detected
2025-07-14 16:38:43,318 - watchfiles.main - INFO - 1 change detected
2025-07-14 16:38:43,726 - watchfiles.main - INFO - 1 change detected
2025-07-14 16:38:44,133 - watchfiles.main - INFO - 1 change detected
2025-07-14 16:38:44,548 - watchfiles.main - INFO - 1 change detected
2025-07-14 16:38:44,950 - watchfiles.main - INFO - 1 change detected
2025-07-14 16:38:45,310 - watchfiles.main - INFO - 1 change detected
2025-07-14 16:38:45,726 - watchfiles.main - INFO - 1 change detected
2025-07-14 16:38:46,141 - watchfiles.main - INFO - 1 change detected
2025-07-14 16:38:46,545 - watchfiles.main - INFO - 1 change detected
2025-07-14 16:38:46,910 - watchfiles.main - INFO - 1 change detected
2025-07-14 16:38:47,314 - watchfiles.main - INFO - 1 change detected
2025-07-14 16:38:47,725 - watchfiles.main - INFO - 1 change detected
2025-07-14 16:38:48,142 - watchfiles.main - INFO - 1 change detected
2025-07-14 16:38:48,494 - watchfiles.main - INFO - 1 change detected
2025-07-14 16:38:48,909 - watchfiles.main - INFO - 1 change detected
2025-07-14 16:38:49,367 - watchfiles.main - INFO - 1 change detected
2025-07-14 16:38:49,777 - watchfiles.main - INFO - 1 change detected
2025-07-14 16:38:50,193 - watchfiles.main - INFO - 1 change detected
2025-07-14 16:38:55,859 - watchfiles.main - INFO - 1 change detected
2025-07-14 16:38:56,373 - watchfiles.main - INFO - 1 change detected
2025-07-14 16:38:56,728 - watchfiles.main - INFO - 4 changes detected
2025-07-14 16:38:57,143 - watchfiles.main - INFO - 2 changes detected
2025-07-14 16:38:57,504 - watchfiles.main - INFO - 1 change detected
2025-07-14 16:38:57,919 - watchfiles.main - INFO - 1 change detected
2025-07-14 16:38:58,281 - watchfiles.main - INFO - 1 change detected
2025-07-14 16:38:58,690 - watchfiles.main - INFO - 1 change detected
2025-07-14 16:38:59,102 - watchfiles.main - INFO - 1 change detected
2025-07-14 16:38:59,509 - watchfiles.main - INFO - 1 change detected
2025-07-14 16:38:59,875 - watchfiles.main - INFO - 1 change detected
2025-07-14 16:39:00,283 - watchfiles.main - INFO - 1 change detected
2025-07-14 16:39:00,696 - watchfiles.main - INFO - 1 change detected
2025-07-14 16:39:01,110 - watchfiles.main - INFO - 1 change detected
2025-07-14 16:39:01,476 - watchfiles.main - INFO - 1 change detected
2025-07-14 16:39:01,877 - watchfiles.main - INFO - 1 change detected
2025-07-14 16:39:02,230 - watchfiles.main - INFO - 1 change detected
2025-07-14 16:39:02,640 - watchfiles.main - INFO - 1 change detected
2025-07-14 16:39:03,056 - watchfiles.main - INFO - 1 change detected
2025-07-14 16:39:03,458 - watchfiles.main - INFO - 1 change detected
2025-07-14 16:39:03,911 - watchfiles.main - INFO - 1 change detected
2025-07-14 16:39:04,317 - watchfiles.main - INFO - 1 change detected
2025-07-14 16:39:04,719 - watchfiles.main - INFO - 1 change detected
2025-07-14 16:39:05,123 - watchfiles.main - INFO - 1 change detected
2025-07-14 16:39:05,532 - watchfiles.main - INFO - 1 change detected
2025-07-14 16:39:05,935 - watchfiles.main - INFO - 1 change detected
2025-07-14 16:39:06,342 - watchfiles.main - INFO - 1 change detected
2025-07-14 16:39:06,750 - watchfiles.main - INFO - 1 change detected
2025-07-14 16:39:07,155 - watchfiles.main - INFO - 1 change detected
2025-07-14 16:39:07,560 - watchfiles.main - INFO - 1 change detected
2025-07-14 16:39:07,965 - watchfiles.main - INFO - 1 change detected
2025-07-14 16:39:08,370 - watchfiles.main - INFO - 1 change detected
2025-07-14 16:39:08,776 - watchfiles.main - INFO - 1 change detected
2025-07-14 16:39:09,181 - watchfiles.main - INFO - 1 change detected
2025-07-14 16:39:09,585 - watchfiles.main - INFO - 1 change detected
2025-07-14 16:39:09,989 - watchfiles.main - INFO - 1 change detected
2025-07-14 16:39:10,394 - watchfiles.main - INFO - 1 change detected
2025-07-14 16:39:10,797 - watchfiles.main - INFO - 1 change detected
2025-07-14 16:39:11,200 - watchfiles.main - INFO - 1 change detected
2025-07-14 16:39:11,606 - watchfiles.main - INFO - 1 change detected
2025-07-14 16:39:11,973 - watchfiles.main - INFO - 1 change detected
2025-07-14 16:39:12,382 - watchfiles.main - INFO - 1 change detected
2025-07-14 16:39:12,786 - watchfiles.main - INFO - 1 change detected
2025-07-14 16:39:13,193 - watchfiles.main - INFO - 1 change detected
2025-07-14 16:39:13,598 - watchfiles.main - INFO - 1 change detected
2025-07-14 16:39:14,001 - watchfiles.main - INFO - 1 change detected
2025-07-14 16:39:14,407 - watchfiles.main - INFO - 1 change detected
2025-07-14 16:39:14,810 - watchfiles.main - INFO - 1 change detected
2025-07-14 16:39:15,216 - watchfiles.main - INFO - 1 change detected
2025-07-14 16:39:15,621 - watchfiles.main - INFO - 1 change detected
2025-07-14 16:39:16,024 - watchfiles.main - INFO - 1 change detected
2025-07-14 16:39:16,428 - watchfiles.main - INFO - 1 change detected
2025-07-14 16:39:16,831 - watchfiles.main - INFO - 1 change detected
2025-07-14 16:39:17,237 - watchfiles.main - INFO - 1 change detected
2025-07-14 16:39:17,643 - watchfiles.main - INFO - 1 change detected
2025-07-14 16:39:18,047 - watchfiles.main - INFO - 1 change detected
2025-07-14 16:39:18,454 - watchfiles.main - INFO - 1 change detected
2025-07-14 16:39:18,861 - watchfiles.main - INFO - 1 change detected
2025-07-14 16:39:19,266 - watchfiles.main - INFO - 1 change detected
2025-07-14 16:39:19,673 - watchfiles.main - INFO - 1 change detected
2025-07-14 16:39:20,075 - watchfiles.main - INFO - 1 change detected
2025-07-14 16:39:20,432 - watchfiles.main - INFO - 1 change detected
2025-07-14 16:39:20,841 - watchfiles.main - INFO - 1 change detected
2025-07-14 16:39:21,245 - watchfiles.main - INFO - 1 change detected
2025-07-14 16:39:21,599 - watchfiles.main - INFO - 1 change detected
2025-07-14 16:39:21,956 - watchfiles.main - INFO - 1 change detected
2025-07-14 16:39:22,314 - watchfiles.main - INFO - 1 change detected
2025-07-14 16:39:22,674 - watchfiles.main - INFO - 1 change detected
2025-07-14 16:39:23,042 - watchfiles.main - INFO - 1 change detected
2025-07-14 16:39:23,409 - watchfiles.main - INFO - 1 change detected
2025-07-14 16:39:23,812 - watchfiles.main - INFO - 1 change detected
2025-07-14 16:39:24,268 - watchfiles.main - INFO - 1 change detected
2025-07-14 16:39:24,625 - watchfiles.main - INFO - 1 change detected
2025-07-14 16:39:25,042 - watchfiles.main - INFO - 1 change detected
2025-07-14 16:39:25,452 - watchfiles.main - INFO - 1 change detected
2025-07-14 16:39:25,857 - watchfiles.main - INFO - 1 change detected
2025-07-14 16:39:26,259 - watchfiles.main - INFO - 1 change detected
2025-07-14 16:39:26,676 - watchfiles.main - INFO - 1 change detected
2025-07-14 16:39:27,092 - watchfiles.main - INFO - 1 change detected
2025-07-14 16:39:27,448 - watchfiles.main - INFO - 1 change detected
2025-07-14 16:39:27,862 - watchfiles.main - INFO - 1 change detected
2025-07-14 16:39:28,276 - watchfiles.main - INFO - 1 change detected
2025-07-14 16:39:28,681 - watchfiles.main - INFO - 1 change detected
2025-07-14 16:39:29,095 - watchfiles.main - INFO - 1 change detected
2025-07-14 16:39:29,460 - watchfiles.main - INFO - 1 change detected
2025-07-14 16:39:29,825 - watchfiles.main - INFO - 1 change detected
2025-07-14 16:39:30,194 - watchfiles.main - INFO - 1 change detected
2025-07-14 16:39:30,546 - watchfiles.main - INFO - 1 change detected
2025-07-14 16:39:30,902 - watchfiles.main - INFO - 1 change detected
2025-07-14 16:39:31,259 - watchfiles.main - INFO - 1 change detected
2025-07-14 16:39:31,617 - watchfiles.main - INFO - 1 change detected
2025-07-14 16:39:31,979 - watchfiles.main - INFO - 1 change detected
2025-07-14 16:39:32,333 - watchfiles.main - INFO - 1 change detected
2025-07-14 16:39:32,694 - watchfiles.main - INFO - 1 change detected
2025-07-14 16:39:33,047 - watchfiles.main - INFO - 1 change detected
2025-07-14 16:39:33,410 - watchfiles.main - INFO - 1 change detected
2025-07-14 16:39:33,762 - watchfiles.main - INFO - 1 change detected
2025-07-14 16:39:34,127 - watchfiles.main - INFO - 1 change detected
2025-07-14 16:39:34,491 - watchfiles.main - INFO - 1 change detected
2025-07-14 16:39:34,850 - watchfiles.main - INFO - 1 change detected
2025-07-14 16:39:35,211 - watchfiles.main - INFO - 1 change detected
2025-07-14 16:39:35,565 - watchfiles.main - INFO - 1 change detected
2025-07-14 16:39:35,928 - watchfiles.main - INFO - 1 change detected
2025-07-14 16:39:36,280 - watchfiles.main - INFO - 1 change detected
2025-07-14 16:39:36,642 - watchfiles.main - INFO - 1 change detected
2025-07-14 16:39:36,995 - watchfiles.main - INFO - 1 change detected
2025-07-14 16:39:37,358 - watchfiles.main - INFO - 1 change detected
2025-07-14 16:39:37,710 - watchfiles.main - INFO - 1 change detected
2025-07-14 16:39:38,062 - watchfiles.main - INFO - 1 change detected
2025-07-14 16:39:38,429 - watchfiles.main - INFO - 1 change detected
2025-07-14 16:39:38,791 - watchfiles.main - INFO - 1 change detected
2025-07-14 16:39:39,144 - watchfiles.main - INFO - 1 change detected
2025-07-14 16:39:39,503 - watchfiles.main - INFO - 1 change detected
2025-07-14 16:39:39,860 - watchfiles.main - INFO - 1 change detected
2025-07-14 16:39:40,212 - watchfiles.main - INFO - 1 change detected
2025-07-14 16:39:40,575 - watchfiles.main - INFO - 1 change detected
2025-07-14 16:39:40,935 - watchfiles.main - INFO - 1 change detected
2025-07-14 16:39:41,294 - watchfiles.main - INFO - 1 change detected
2025-07-14 16:39:41,658 - watchfiles.main - INFO - 1 change detected
2025-07-14 16:39:42,010 - watchfiles.main - INFO - 1 change detected
2025-07-14 16:39:42,362 - watchfiles.main - INFO - 1 change detected
2025-07-14 16:39:42,727 - watchfiles.main - INFO - 1 change detected
2025-07-14 16:39:43,083 - watchfiles.main - INFO - 1 change detected
2025-07-14 16:39:43,445 - watchfiles.main - INFO - 1 change detected
2025-07-14 16:39:43,809 - watchfiles.main - INFO - 1 change detected
2025-07-14 16:39:44,162 - watchfiles.main - INFO - 1 change detected
2025-07-14 16:39:44,518 - watchfiles.main - INFO - 1 change detected
2025-07-14 16:39:44,876 - watchfiles.main - INFO - 1 change detected
2025-07-14 16:39:45,243 - watchfiles.main - INFO - 1 change detected
2025-07-14 16:39:45,608 - watchfiles.main - INFO - 1 change detected
2025-07-14 16:39:45,964 - watchfiles.main - INFO - 1 change detected
2025-07-14 16:39:46,324 - watchfiles.main - INFO - 1 change detected
2025-07-14 16:39:46,677 - watchfiles.main - INFO - 1 change detected
2025-07-14 16:39:47,041 - watchfiles.main - INFO - 1 change detected
2025-07-14 16:39:47,396 - watchfiles.main - INFO - 1 change detected
2025-07-14 16:39:47,753 - watchfiles.main - INFO - 1 change detected
2025-07-14 16:39:48,107 - watchfiles.main - INFO - 1 change detected
2025-07-14 16:39:48,459 - watchfiles.main - INFO - 1 change detected
2025-07-14 16:39:48,813 - watchfiles.main - INFO - 1 change detected
2025-07-14 16:39:49,177 - watchfiles.main - INFO - 1 change detected
2025-07-14 16:39:49,544 - watchfiles.main - INFO - 1 change detected
2025-07-14 16:39:49,910 - watchfiles.main - INFO - 1 change detected
2025-07-14 16:39:50,277 - watchfiles.main - INFO - 1 change detected
2025-07-14 16:39:50,641 - watchfiles.main - INFO - 1 change detected
2025-07-14 16:39:51,002 - watchfiles.main - INFO - 1 change detected
2025-07-14 16:39:51,359 - watchfiles.main - INFO - 1 change detected
2025-07-14 16:39:51,725 - watchfiles.main - INFO - 1 change detected
2025-07-14 16:39:52,093 - watchfiles.main - INFO - 1 change detected
2025-07-14 16:39:52,455 - watchfiles.main - INFO - 1 change detected
2025-07-14 16:39:52,811 - watchfiles.main - INFO - 1 change detected
2025-07-14 16:39:53,173 - watchfiles.main - INFO - 1 change detected
2025-07-14 16:39:53,527 - watchfiles.main - INFO - 1 change detected
2025-07-14 16:39:53,891 - watchfiles.main - INFO - 1 change detected
2025-07-14 16:39:54,244 - watchfiles.main - INFO - 1 change detected
2025-07-14 16:39:54,606 - watchfiles.main - INFO - 1 change detected
2025-07-14 16:39:54,959 - watchfiles.main - INFO - 1 change detected
2025-07-14 16:39:55,312 - watchfiles.main - INFO - 1 change detected
2025-07-14 16:39:55,673 - watchfiles.main - INFO - 1 change detected
2025-07-14 16:39:56,026 - watchfiles.main - INFO - 1 change detected
2025-07-14 16:39:56,381 - watchfiles.main - INFO - 1 change detected
2025-07-14 16:39:56,735 - watchfiles.main - INFO - 1 change detected
2025-07-14 16:39:57,093 - watchfiles.main - INFO - 1 change detected
2025-07-14 16:39:57,461 - watchfiles.main - INFO - 1 change detected
2025-07-14 16:39:57,826 - watchfiles.main - INFO - 1 change detected
2025-07-14 16:39:58,194 - watchfiles.main - INFO - 1 change detected
2025-07-14 16:39:58,547 - watchfiles.main - INFO - 1 change detected
2025-07-14 16:39:58,900 - watchfiles.main - INFO - 1 change detected
2025-07-14 16:39:59,262 - watchfiles.main - INFO - 1 change detected
2025-07-14 16:39:59,628 - watchfiles.main - INFO - 1 change detected
2025-07-14 16:39:59,982 - watchfiles.main - INFO - 1 change detected
2025-07-14 16:40:00,347 - watchfiles.main - INFO - 1 change detected
2025-07-14 16:40:00,709 - watchfiles.main - INFO - 1 change detected
2025-07-14 16:40:01,074 - watchfiles.main - INFO - 1 change detected
2025-07-14 16:40:01,426 - watchfiles.main - INFO - 1 change detected
2025-07-14 16:40:01,792 - watchfiles.main - INFO - 1 change detected
2025-07-14 16:40:02,146 - watchfiles.main - INFO - 1 change detected
2025-07-14 16:40:02,501 - watchfiles.main - INFO - 1 change detected
2025-07-14 16:40:02,862 - watchfiles.main - INFO - 1 change detected
2025-07-14 16:40:03,216 - watchfiles.main - INFO - 1 change detected
2025-07-14 16:40:03,570 - watchfiles.main - INFO - 1 change detected
2025-07-14 16:40:03,927 - watchfiles.main - INFO - 1 change detected
2025-07-14 16:40:04,294 - watchfiles.main - INFO - 1 change detected
2025-07-14 16:40:04,658 - watchfiles.main - INFO - 1 change detected
2025-07-14 16:40:05,026 - watchfiles.main - INFO - 1 change detected
2025-07-14 16:40:05,388 - watchfiles.main - INFO - 1 change detected
2025-07-14 16:40:05,740 - watchfiles.main - INFO - 1 change detected
2025-07-14 16:40:06,095 - watchfiles.main - INFO - 1 change detected
2025-07-14 16:40:06,452 - watchfiles.main - INFO - 1 change detected
2025-07-14 16:40:06,818 - watchfiles.main - INFO - 1 change detected
2025-07-14 16:40:07,180 - watchfiles.main - INFO - 1 change detected
2025-07-14 16:40:07,536 - watchfiles.main - INFO - 1 change detected
2025-07-14 16:40:07,910 - watchfiles.main - INFO - 1 change detected
2025-07-14 16:40:08,275 - watchfiles.main - INFO - 1 change detected
2025-07-14 16:40:08,637 - watchfiles.main - INFO - 1 change detected
2025-07-14 16:40:08,992 - watchfiles.main - INFO - 1 change detected
2025-07-14 16:40:09,349 - watchfiles.main - INFO - 1 change detected
2025-07-14 16:40:09,713 - watchfiles.main - INFO - 1 change detected
2025-07-14 16:40:10,072 - watchfiles.main - INFO - 1 change detected
2025-07-14 16:40:10,429 - watchfiles.main - INFO - 1 change detected
2025-07-14 16:40:10,790 - watchfiles.main - INFO - 2 changes detected
2025-07-14 16:40:10,994 - app - INFO - Shutting down application...
2025-07-14 16:41:11,009 - asyncpg.pool - WARNING - Pool.close() is taking over 60 seconds to complete. Check if you have any unreleased connections left. Use asyncio.wait_for() to set a timeout for Pool.close().
2025-07-14 16:42:53,639 - app - INFO - Starting up RBAC Memory Management System...
2025-07-14 16:42:53,640 - storage.database_client - INFO - Initializing database connection pool...
2025-07-14 16:42:53,837 - storage.database_client - INFO - Database connection pool initialized successfully
2025-07-14 16:42:53,838 - app - INFO - Database connection established
2025-07-14 16:42:53,996 - watchfiles.main - INFO - 1 change detected
2025-07-14 16:42:54,448 - watchfiles.main - INFO - 1 change detected
2025-07-14 16:42:54,911 - watchfiles.main - INFO - 1 change detected
2025-07-14 16:42:55,318 - watchfiles.main - INFO - 1 change detected
2025-07-14 16:42:55,729 - watchfiles.main - INFO - 1 change detected
2025-07-14 16:42:56,142 - watchfiles.main - INFO - 1 change detected
2025-07-14 16:42:56,546 - watchfiles.main - INFO - 1 change detected
2025-07-14 16:42:56,910 - watchfiles.main - INFO - 1 change detected
2025-07-14 16:42:57,266 - watchfiles.main - INFO - 1 change detected
2025-07-14 16:42:57,627 - watchfiles.main - INFO - 1 change detected
2025-07-14 16:42:57,981 - watchfiles.main - INFO - 1 change detected
2025-07-14 16:42:58,341 - watchfiles.main - INFO - 1 change detected
2025-07-14 16:42:58,693 - watchfiles.main - INFO - 1 change detected
2025-07-14 16:42:58,867 - rbac.user_manager - ERROR - User not found: nonexistent
2025-07-14 16:42:58,867 - api.auth - ERROR - Error logging in user: 401: Invalid username or password
2025-07-14 16:42:59,046 - watchfiles.main - INFO - 1 change detected
2025-07-14 16:42:59,406 - watchfiles.main - INFO - 1 change detected
2025-07-14 16:42:59,814 - watchfiles.main - INFO - 1 change detected
2025-07-14 16:43:00,216 - watchfiles.main - INFO - 1 change detected
2025-07-14 16:43:00,627 - watchfiles.main - INFO - 1 change detected
2025-07-14 16:43:00,985 - watchfiles.main - INFO - 1 change detected
2025-07-14 16:43:01,387 - watchfiles.main - INFO - 1 change detected
2025-07-14 16:43:01,792 - watchfiles.main - INFO - 1 change detected
2025-07-14 16:43:02,195 - watchfiles.main - INFO - 1 change detected
2025-07-14 16:43:02,562 - watchfiles.main - INFO - 1 change detected
2025-07-14 16:43:02,966 - watchfiles.main - INFO - 1 change detected
2025-07-14 16:43:03,327 - watchfiles.main - INFO - 1 change detected
2025-07-14 16:43:03,733 - watchfiles.main - INFO - 1 change detected
2025-07-14 16:43:04,159 - watchfiles.main - INFO - 1 change detected
2025-07-14 16:43:04,562 - watchfiles.main - INFO - 1 change detected
2025-07-14 16:43:04,978 - watchfiles.main - INFO - 1 change detected
2025-07-14 16:43:05,385 - watchfiles.main - INFO - 1 change detected
2025-07-14 16:43:05,795 - watchfiles.main - INFO - 1 change detected
2025-07-14 16:43:06,201 - watchfiles.main - INFO - 1 change detected
2025-07-14 16:43:06,607 - watchfiles.main - INFO - 1 change detected
2025-07-14 16:43:07,018 - watchfiles.main - INFO - 1 change detected
2025-07-14 16:43:07,377 - watchfiles.main - INFO - 1 change detected
2025-07-14 16:43:07,794 - watchfiles.main - INFO - 1 change detected
2025-07-14 16:43:08,209 - watchfiles.main - INFO - 1 change detected
2025-07-14 16:43:08,578 - watchfiles.main - INFO - 1 change detected
2025-07-14 16:43:08,980 - watchfiles.main - INFO - 1 change detected
2025-07-14 16:43:09,344 - watchfiles.main - INFO - 1 change detected
2025-07-14 16:43:09,749 - watchfiles.main - INFO - 1 change detected
2025-07-14 16:43:10,162 - watchfiles.main - INFO - 1 change detected
2025-07-14 16:43:10,614 - watchfiles.main - INFO - 1 change detected
2025-07-14 16:43:11,019 - watchfiles.main - INFO - 1 change detected
2025-07-14 16:43:11,428 - watchfiles.main - INFO - 1 change detected
2025-07-14 16:43:11,793 - watchfiles.main - INFO - 1 change detected
2025-07-14 16:43:12,195 - watchfiles.main - INFO - 1 change detected
2025-07-14 16:43:12,598 - watchfiles.main - INFO - 1 change detected
2025-07-14 16:43:13,003 - watchfiles.main - INFO - 1 change detected
2025-07-14 16:43:13,360 - watchfiles.main - INFO - 1 change detected
2025-07-14 16:43:13,775 - watchfiles.main - INFO - 1 change detected
2025-07-14 16:43:14,185 - watchfiles.main - INFO - 1 change detected
2025-07-14 16:43:14,548 - watchfiles.main - INFO - 1 change detected
2025-07-14 16:43:15,010 - watchfiles.main - INFO - 1 change detected
2025-07-14 16:43:15,468 - watchfiles.main - INFO - 1 change detected
2025-07-14 16:43:15,819 - watchfiles.main - INFO - 1 change detected
2025-07-14 16:43:16,235 - watchfiles.main - INFO - 1 change detected
2025-07-14 16:43:16,644 - watchfiles.main - INFO - 1 change detected
2025-07-14 16:43:17,057 - watchfiles.main - INFO - 1 change detected
2025-07-14 16:43:17,462 - watchfiles.main - INFO - 1 change detected
2025-07-14 16:43:17,864 - watchfiles.main - INFO - 1 change detected
2025-07-14 16:43:18,277 - watchfiles.main - INFO - 1 change detected
2025-07-14 16:43:18,693 - watchfiles.main - INFO - 1 change detected
2025-07-14 16:43:19,111 - watchfiles.main - INFO - 1 change detected
2025-07-14 16:43:19,476 - watchfiles.main - INFO - 1 change detected
2025-07-14 16:43:19,933 - watchfiles.main - INFO - 1 change detected
2025-07-14 16:43:20,341 - watchfiles.main - INFO - 1 change detected
2025-07-14 16:43:20,743 - watchfiles.main - INFO - 1 change detected
2025-07-14 16:43:21,159 - watchfiles.main - INFO - 1 change detected
2025-07-14 16:43:21,562 - watchfiles.main - INFO - 1 change detected
2025-07-14 16:43:21,977 - watchfiles.main - INFO - 1 change detected
2025-07-14 16:43:22,329 - watchfiles.main - INFO - 1 change detected
2025-07-14 16:43:22,737 - watchfiles.main - INFO - 1 change detected
2025-07-14 16:43:23,143 - watchfiles.main - INFO - 1 change detected
2025-07-14 16:43:23,545 - watchfiles.main - INFO - 1 change detected
2025-07-14 16:43:23,947 - watchfiles.main - INFO - 1 change detected
2025-07-14 16:43:24,361 - watchfiles.main - INFO - 1 change detected
2025-07-14 16:43:24,778 - watchfiles.main - INFO - 1 change detected
2025-07-14 16:43:25,187 - watchfiles.main - INFO - 1 change detected
2025-07-14 16:43:25,597 - watchfiles.main - INFO - 1 change detected
2025-07-14 16:43:26,010 - watchfiles.main - INFO - 1 change detected
2025-07-14 16:43:26,475 - watchfiles.main - INFO - 1 change detected
2025-07-14 16:43:26,879 - watchfiles.main - INFO - 1 change detected
2025-07-14 16:43:27,282 - watchfiles.main - INFO - 1 change detected
2025-07-14 16:43:27,695 - watchfiles.main - INFO - 1 change detected
2025-07-14 16:43:28,104 - watchfiles.main - INFO - 1 change detected
2025-07-14 16:43:28,459 - watchfiles.main - INFO - 1 change detected
2025-07-14 16:43:28,865 - watchfiles.main - INFO - 1 change detected
2025-07-14 16:43:29,275 - watchfiles.main - INFO - 1 change detected
2025-07-14 16:43:29,678 - watchfiles.main - INFO - 1 change detected
2025-07-14 16:43:30,086 - watchfiles.main - INFO - 1 change detected
2025-07-14 16:43:30,490 - watchfiles.main - INFO - 1 change detected
2025-07-14 16:43:30,893 - watchfiles.main - INFO - 1 change detected
2025-07-14 16:43:31,306 - watchfiles.main - INFO - 1 change detected
2025-07-14 16:43:31,712 - watchfiles.main - INFO - 1 change detected
2025-07-14 16:43:32,220 - watchfiles.main - INFO - 1 change detected
2025-07-14 16:43:32,628 - watchfiles.main - INFO - 1 change detected
2025-07-14 16:43:33,031 - watchfiles.main - INFO - 1 change detected
2025-07-14 16:43:33,495 - watchfiles.main - INFO - 1 change detected
2025-07-14 16:43:33,902 - watchfiles.main - INFO - 1 change detected
2025-07-14 16:43:34,305 - watchfiles.main - INFO - 1 change detected
2025-07-14 16:43:34,708 - watchfiles.main - INFO - 1 change detected
2025-07-14 16:43:35,072 - watchfiles.main - INFO - 1 change detected
2025-07-14 16:43:35,478 - watchfiles.main - INFO - 1 change detected
2025-07-14 16:43:35,843 - watchfiles.main - INFO - 1 change detected
2025-07-14 16:43:36,247 - watchfiles.main - INFO - 1 change detected
2025-07-14 16:43:36,660 - watchfiles.main - INFO - 1 change detected
2025-07-14 16:43:37,064 - watchfiles.main - INFO - 1 change detected
2025-07-14 16:43:37,423 - watchfiles.main - INFO - 1 change detected
2025-07-14 16:43:37,829 - watchfiles.main - INFO - 1 change detected
2025-07-14 16:43:38,238 - watchfiles.main - INFO - 1 change detected
2025-07-14 16:43:38,658 - watchfiles.main - INFO - 1 change detected
2025-07-14 16:43:39,062 - watchfiles.main - INFO - 1 change detected
2025-07-14 16:43:39,468 - watchfiles.main - INFO - 1 change detected
2025-07-14 16:43:39,876 - watchfiles.main - INFO - 1 change detected
2025-07-14 16:43:40,241 - watchfiles.main - INFO - 1 change detected
2025-07-14 16:43:40,646 - watchfiles.main - INFO - 1 change detected
2025-07-14 16:43:41,057 - watchfiles.main - INFO - 1 change detected
2025-07-14 16:43:41,459 - watchfiles.main - INFO - 1 change detected
2025-07-14 16:43:41,865 - watchfiles.main - INFO - 1 change detected
2025-07-14 16:43:42,277 - watchfiles.main - INFO - 1 change detected
2025-07-14 16:43:42,638 - watchfiles.main - INFO - 1 change detected
2025-07-14 16:43:43,044 - watchfiles.main - INFO - 1 change detected
2025-07-14 16:43:43,460 - watchfiles.main - INFO - 1 change detected
2025-07-14 16:43:43,876 - watchfiles.main - INFO - 1 change detected
2025-07-14 16:43:44,245 - watchfiles.main - INFO - 1 change detected
2025-07-14 16:43:44,650 - watchfiles.main - INFO - 1 change detected
2025-07-14 16:43:45,011 - watchfiles.main - INFO - 1 change detected
2025-07-14 16:43:45,425 - watchfiles.main - INFO - 1 change detected
2025-07-14 16:43:45,829 - watchfiles.main - INFO - 1 change detected
2025-07-14 16:43:46,190 - watchfiles.main - INFO - 1 change detected
2025-07-14 16:43:46,593 - watchfiles.main - INFO - 1 change detected
2025-07-14 16:43:47,010 - watchfiles.main - INFO - 1 change detected
2025-07-14 16:43:47,426 - watchfiles.main - INFO - 1 change detected
2025-07-14 16:43:47,843 - watchfiles.main - INFO - 1 change detected
2025-07-14 16:43:48,202 - watchfiles.main - INFO - 1 change detected
2025-07-14 16:43:48,613 - watchfiles.main - INFO - 1 change detected
2025-07-14 16:43:49,027 - watchfiles.main - INFO - 1 change detected
2025-07-14 16:43:49,447 - watchfiles.main - INFO - 1 change detected
2025-07-14 16:43:49,850 - watchfiles.main - INFO - 1 change detected
2025-07-14 16:43:50,257 - watchfiles.main - INFO - 1 change detected
2025-07-14 16:43:50,675 - watchfiles.main - INFO - 1 change detected
2025-07-14 16:43:51,086 - watchfiles.main - INFO - 1 change detected
2025-07-14 16:43:51,488 - watchfiles.main - INFO - 1 change detected
2025-07-14 16:43:51,845 - watchfiles.main - INFO - 1 change detected
2025-07-14 16:43:52,267 - watchfiles.main - INFO - 1 change detected
2025-07-14 16:43:52,678 - watchfiles.main - INFO - 1 change detected
2025-07-14 16:43:53,045 - watchfiles.main - INFO - 1 change detected
2025-07-14 16:43:53,461 - watchfiles.main - INFO - 1 change detected
2025-07-14 16:43:53,876 - watchfiles.main - INFO - 1 change detected
2025-07-14 16:43:54,236 - watchfiles.main - INFO - 1 change detected
2025-07-14 16:43:54,642 - watchfiles.main - INFO - 1 change detected
2025-07-14 16:43:55,044 - watchfiles.main - INFO - 1 change detected
2025-07-14 16:43:55,446 - watchfiles.main - INFO - 1 change detected
2025-07-14 16:43:55,859 - watchfiles.main - INFO - 1 change detected
2025-07-14 16:43:56,265 - watchfiles.main - INFO - 1 change detected
2025-07-14 16:43:56,674 - watchfiles.main - INFO - 1 change detected
2025-07-14 16:43:57,027 - watchfiles.main - INFO - 1 change detected
2025-07-14 16:43:57,430 - watchfiles.main - INFO - 1 change detected
2025-07-14 16:43:57,843 - watchfiles.main - INFO - 1 change detected
2025-07-14 16:43:58,246 - watchfiles.main - INFO - 1 change detected
2025-07-14 16:43:58,661 - watchfiles.main - INFO - 1 change detected
2025-07-14 16:43:59,014 - watchfiles.main - INFO - 1 change detected
2025-07-14 16:43:59,428 - watchfiles.main - INFO - 1 change detected
2025-07-14 16:43:59,844 - watchfiles.main - INFO - 1 change detected
2025-07-14 16:44:00,258 - watchfiles.main - INFO - 1 change detected
2025-07-14 16:44:00,660 - watchfiles.main - INFO - 1 change detected
2025-07-14 16:44:01,077 - watchfiles.main - INFO - 1 change detected
2025-07-14 16:44:01,445 - watchfiles.main - INFO - 1 change detected
2025-07-14 16:44:01,862 - watchfiles.main - INFO - 1 change detected
2025-07-14 16:44:02,323 - watchfiles.main - INFO - 1 change detected
2025-07-14 16:44:02,675 - watchfiles.main - INFO - 1 change detected
2025-07-14 16:44:03,141 - watchfiles.main - INFO - 1 change detected
2025-07-14 16:44:03,546 - watchfiles.main - INFO - 1 change detected
2025-07-14 16:44:03,959 - watchfiles.main - INFO - 1 change detected
2025-07-14 16:44:04,315 - watchfiles.main - INFO - 1 change detected
2025-07-14 16:44:04,716 - watchfiles.main - INFO - 1 change detected
2025-07-14 16:44:05,128 - watchfiles.main - INFO - 1 change detected
2025-07-14 16:44:05,544 - watchfiles.main - INFO - 1 change detected
2025-07-14 16:44:05,958 - watchfiles.main - INFO - 1 change detected
2025-07-14 16:44:06,326 - watchfiles.main - INFO - 1 change detected
2025-07-14 16:44:06,733 - watchfiles.main - INFO - 1 change detected
2025-07-14 16:44:07,142 - watchfiles.main - INFO - 1 change detected
2025-07-14 16:44:07,553 - watchfiles.main - INFO - 1 change detected
2025-07-14 16:44:07,917 - watchfiles.main - INFO - 1 change detected
2025-07-14 16:44:08,332 - watchfiles.main - INFO - 1 change detected
2025-07-14 16:44:08,740 - watchfiles.main - INFO - 1 change detected
2025-07-14 16:44:09,197 - watchfiles.main - INFO - 1 change detected
2025-07-14 16:44:09,561 - watchfiles.main - INFO - 1 change detected
2025-07-14 16:44:09,978 - watchfiles.main - INFO - 1 change detected
2025-07-14 16:44:10,386 - watchfiles.main - INFO - 1 change detected
2025-07-14 16:44:10,800 - watchfiles.main - INFO - 1 change detected
2025-07-14 16:44:11,204 - watchfiles.main - INFO - 1 change detected
2025-07-14 16:44:11,613 - watchfiles.main - INFO - 1 change detected
2025-07-14 16:44:12,075 - watchfiles.main - INFO - 1 change detected
2025-07-14 16:44:12,478 - watchfiles.main - INFO - 1 change detected
2025-07-14 16:44:12,888 - watchfiles.main - INFO - 1 change detected
2025-07-14 16:44:13,344 - watchfiles.main - INFO - 1 change detected
2025-07-14 16:44:13,759 - watchfiles.main - INFO - 1 change detected
2025-07-14 16:44:14,216 - watchfiles.main - INFO - 1 change detected
2025-07-14 16:44:14,630 - watchfiles.main - INFO - 1 change detected
2025-07-14 16:44:14,994 - watchfiles.main - INFO - 1 change detected
2025-07-14 16:44:15,398 - watchfiles.main - INFO - 1 change detected
2025-07-14 16:44:15,758 - watchfiles.main - INFO - 1 change detected
2025-07-14 16:44:16,168 - watchfiles.main - INFO - 1 change detected
2025-07-14 16:44:16,574 - watchfiles.main - INFO - 1 change detected
2025-07-14 16:44:16,990 - watchfiles.main - INFO - 1 change detected
2025-07-14 16:44:17,397 - watchfiles.main - INFO - 1 change detected
2025-07-14 16:44:17,850 - watchfiles.main - INFO - 1 change detected
2025-07-14 16:44:18,208 - watchfiles.main - INFO - 1 change detected
2025-07-14 16:44:18,611 - watchfiles.main - INFO - 1 change detected
2025-07-14 16:44:19,026 - watchfiles.main - INFO - 1 change detected
2025-07-14 16:44:19,445 - watchfiles.main - INFO - 1 change detected
2025-07-14 16:44:19,849 - watchfiles.main - INFO - 1 change detected
2025-07-14 16:44:20,264 - watchfiles.main - INFO - 1 change detected
2025-07-14 16:44:20,666 - watchfiles.main - INFO - 1 change detected
2025-07-14 16:44:21,078 - watchfiles.main - INFO - 1 change detected
2025-07-14 16:44:21,487 - watchfiles.main - INFO - 1 change detected
2025-07-14 16:44:21,895 - watchfiles.main - INFO - 1 change detected
2025-07-14 16:44:22,303 - watchfiles.main - INFO - 1 change detected
2025-07-14 16:44:22,718 - watchfiles.main - INFO - 1 change detected
2025-07-14 16:44:23,122 - watchfiles.main - INFO - 1 change detected
2025-07-14 16:44:23,528 - watchfiles.main - INFO - 1 change detected
